0 info it worked if it ends with ok
1 verbose cli [ 'C:\\Program Files\\nodejs\\\\node.exe',
1 verbose cli   'C:\\Program Files\\nodejs\\node_modules\\npm\\bin\\npm-cli.js',
1 verbose cli   'install',
1 verbose cli   'grunt-karma',
1 verbose cli   '--save-dev' ]
2 info using npm@1.3.21
3 info using node@v0.10.24
4 verbose node symlink C:\Program Files\nodejs\\node.exe
5 verbose readDependencies using package.json deps
6 verbose cache add [ 'grunt-karma', null ]
7 verbose cache add name=undefined spec="grunt-karma" args=["grunt-karma",null]
8 verbose parsed url { protocol: null,
8 verbose parsed url   slashes: null,
8 verbose parsed url   auth: null,
8 verbose parsed url   host: null,
8 verbose parsed url   port: null,
8 verbose parsed url   hostname: null,
8 verbose parsed url   hash: null,
8 verbose parsed url   search: null,
8 verbose parsed url   query: null,
8 verbose parsed url   pathname: 'grunt-karma',
8 verbose parsed url   path: 'grunt-karma',
8 verbose parsed url   href: 'grunt-karma' }
9 silly lockFile 707ccff9-grunt-karma grunt-karma
10 verbose lock grunt-karma C:\Users\robert\AppData\Roaming\npm-cache\707ccff9-grunt-karma.lock
11 silly lockFile 707ccff9-grunt-karma grunt-karma
12 silly lockFile 707ccff9-grunt-karma grunt-karma
13 verbose addNamed [ 'grunt-karma', '' ]
14 verbose addNamed [ null, '*' ]
15 silly lockFile 94531edb-grunt-karma grunt-karma@
16 verbose lock grunt-karma@ C:\Users\robert\AppData\Roaming\npm-cache\94531edb-grunt-karma.lock
17 silly addNameRange { name: 'grunt-karma', range: '*', hasData: false }
18 verbose url raw grunt-karma
19 verbose url resolving [ 'https://registry.npmjs.org/', './grunt-karma' ]
20 verbose url resolved https://registry.npmjs.org/grunt-karma
21 info trying registry request attempt 1 at 14:37:02
22 verbose etag "25H3YWFVUOUHNXX015QRNA4ME"
23 http GET https://registry.npmjs.org/grunt-karma
24 http 304 https://registry.npmjs.org/grunt-karma
25 silly registry.get cb [ 304,
25 silly registry.get   { date: 'Tue, 20 May 2014 19:37:27 GMT',
25 silly registry.get     server: 'Apache',
25 silly registry.get     via: '1.1 varnish',
25 silly registry.get     'last-modified': 'Tue, 20 May 2014 19:37:27 GMT',
25 silly registry.get     'cache-control': 'max-age=1',
25 silly registry.get     etag: '"25H3YWFVUOUHNXX015QRNA4ME"',
25 silly registry.get     'x-served-by': 'cache-c101-CHI',
25 silly registry.get     'x-cache': 'HIT',
25 silly registry.get     'x-cache-hits': '1',
25 silly registry.get     'x-timer': 'S1400614647.869925499,VS0,VE103',
25 silly registry.get     vary: 'Accept',
25 silly registry.get     'content-length': '0',
25 silly registry.get     'keep-alive': 'timeout=10, max=50',
25 silly registry.get     connection: 'Keep-Alive' } ]
26 verbose etag grunt-karma from cache
27 silly addNameRange number 2 { name: 'grunt-karma', range: '*', hasData: true }
28 silly addNameRange versions [ 'grunt-karma',
28 silly addNameRange   [ '0.3.0',
28 silly addNameRange     '0.4.0',
28 silly addNameRange     '0.4.1',
28 silly addNameRange     '0.4.2',
28 silly addNameRange     '0.4.3',
28 silly addNameRange     '0.4.4',
28 silly addNameRange     '0.5.0',
28 silly addNameRange     '0.4.5',
28 silly addNameRange     '0.5.1',
28 silly addNameRange     '0.5.2',
28 silly addNameRange     '0.4.6',
28 silly addNameRange     '0.5.3',
28 silly addNameRange     '0.5.4',
28 silly addNameRange     '0.6.0',
28 silly addNameRange     '0.6.1',
28 silly addNameRange     '0.7.0',
28 silly addNameRange     '0.6.2',
28 silly addNameRange     '0.7.1',
28 silly addNameRange     '0.7.2',
28 silly addNameRange     '0.7.3',
28 silly addNameRange     '0.8.0',
28 silly addNameRange     '0.8.1',
28 silly addNameRange     '0.8.2',
28 silly addNameRange     '0.8.3' ] ]
29 verbose addNamed [ 'grunt-karma', '0.8.3' ]
30 verbose addNamed [ '0.8.3', '0.8.3' ]
31 silly lockFile e0300b7e-grunt-karma-0-8-3 grunt-karma@0.8.3
32 verbose lock grunt-karma@0.8.3 C:\Users\robert\AppData\Roaming\npm-cache\e0300b7e-grunt-karma-0-8-3.lock
33 silly lockFile e0300b7e-grunt-karma-0-8-3 grunt-karma@0.8.3
34 silly lockFile e0300b7e-grunt-karma-0-8-3 grunt-karma@0.8.3
35 silly lockFile 94531edb-grunt-karma grunt-karma@
36 silly lockFile 94531edb-grunt-karma grunt-karma@
37 silly resolved [ { name: 'grunt-karma',
37 silly resolved     version: '0.8.3',
37 silly resolved     description: 'grunt plugin for karma test runner',
37 silly resolved     main: 'tasks/grunt-karma.js',
37 silly resolved     repository:
37 silly resolved      { type: 'git',
37 silly resolved        url: 'https://github.com/karma-runner/grunt-karma.git' },
37 silly resolved     keywords: [ 'gruntplugin', 'karma', 'grunt', 'test', 'unit', 'runner', 'TDD' ],
37 silly resolved     scripts: { test: 'grunt test' },
37 silly resolved     author: { name: 'Dave Geddes' },
37 silly resolved     license: 'MIT',
37 silly resolved     readmeFilename: 'README.md',
37 silly resolved     dependencies: { lodash: '~2.4.1' },
37 silly resolved     devDependencies:
37 silly resolved      { grunt: '~0.4.3',
37 silly resolved        'expect.js': '~0.2.0',
37 silly resolved        'grunt-release': '~0.5.1',
37 silly resolved        'grunt-contrib-watch': '~0.2.0',
37 silly resolved        'grunt-conventional-changelog': '~0.0.12',
37 silly resolved        'karma-mocha': '~0.1.3',
37 silly resolved        karma: '~0.12.0',
37 silly resolved        'karma-firefox-launcher': '~0.1.3',
37 silly resolved        'karma-chrome-launcher': '~0.1.2' },
37 silly resolved     peerDependencies: { grunt: '0.4.x', karma: '~0.12.0' },
37 silly resolved     readme: '# grunt-karma [![Build Status](https://travis-ci.org/karma-runner/grunt-karma.png?branch=master)](https://travis-ci.org/karma-runner/grunt-karma)\n\n> Grunt plugin for [Karma](https://github.com/karma-runner/karma)\n\nThis current version `0.8.0` uses `karma@0.12.x`. For using older versions see the\nold releases of grunt-karma.\n\n## Getting Started\nFrom the same directory as your project\'s Gruntfile and package.json, install\nthis plugin with the following command:\n\n```bash\n$ npm install grunt-karma --save-dev\n```\n\nOnce that\'s done, add this line to your project\'s Gruntfile:\n\n```js\ngrunt.loadNpmTasks(\'grunt-karma\');\n```\n\n## Config\nInside your `Gruntfile.js` file, add a section named `karma`, containing\nany number of configurations for running karma. You can either put your\nconfig in a [karma config file] or leave it all in your Gruntfile (recommended).\n\n### Here\'s an example that points to the config file:\n\n```js\nkarma: {\n  unit: {\n    configFile: \'karma.conf.js\'\n  }\n}\n```\n\n### Here\'s an example that puts the config in the Gruntfile:\n\n```js\nkarma: {\n  unit: {\n    options: {\n      files: [\'test/**/*.js\']\n    }\n  }\n}\n```\n\nYou can override any of the config file\'s settings by putting them\ndirectly in the Gruntfile:\n\n```js\nkarma: {\n  unit: {\n    configFile: \'karma.conf.js\',\n    runnerPort: 9999,\n    singleRun: true,\n    browsers: [\'PhantomJS\'],\n    logLevel: \'ERROR\'\n  }\n}\n```\n\nTo change the `logLevel` in the grunt config file instead of the karma config, use one of the following strings:\n`OFF`, `ERROR`, `WARN`, `INFO`, `DEBUG`\n\n### Config with Grunt Template Strings in `files`\n\nWhen using template strings in the `files` option, the results will flattened. Therefore, if you include a variable that includes an array, the array will be flattened before being passed to Karma.\n\nExample:\n\n```js\nmeta: {\n  jsFiles: [\'jquery.js\',\'angular.js\']\n},\nkarma: {\n  options: {\n    files: [\'<%= meta.jsFiles %>\',\'angular-mocks.js\',\'**/*-spec.js\']\n  }\n}\n```\n\n## Sharing Configs\nIf you have multiple targets, it may be helpful to share common\nconfiguration settings between them. Grunt-karma supports this by\nusing the `options` property:\n\n```js\nkarma: {\n  options: {\n    configFile: \'karma.conf.js\',\n    runnerPort: 9999,\n    browsers: [\'Chrome\', \'Firefox\']\n  },\n  continuous: {\n    singleRun: true,\n    browsers: [\'PhantomJS\']\n  },\n  dev: {\n    reporters: \'dots\'\n  }\n}\n```\n\nIn this example the `continuous` and `dev` targets will both use\nthe `configFile` and `runnerPort` specified in the `options`. But\nthe `continuous` target will override the browser setting to use\nPhantomJS, and also run as a singleRun. The `dev` target will simply\nchange the reporter to dots.\n\n## Running tests\nThere are three ways to run your tests with karma:\n\n### Karma Server with Auto Runs on File Change\nSetting the `autoWatch` option to true will instruct karma to start\na server and watch for changes to files, running tests automatically:\n\n```js\nkarma: {\n  unit: {\n    configFile: \'karma.conf.js\',\n    autoWatch: true\n  }\n}\n```\nNow run `$ grunt karma`\n\n### Karma Server with Grunt Watch\nMany Grunt projects watch several types of files using [grunt-contrib-watch].\nConfig karma like usual (without the autoWatch option), and add\n`background:true`:\n\n```js\nkarma: {\n  unit: {\n    configFile: \'karma.conf.js\',\n    background: true\n  }\n}\n```\nThe `background` option will tell grunt to run karma in a child process\nso it doesn\'t block subsequent grunt tasks.\n\nConfig your `watch` task to run the karma task with the `:run` flag. For example:\n\n```js\nwatch: {\n  //run unit tests with karma (server needs to be already running)\n  karma: {\n    files: [\'app/js/**/*.js\', \'test/browser/**/*.js\'],\n    tasks: [\'karma:unit:run\'] //NOTE the :run flag\n  }\n},\n```\n\nIn your terminal window run `$ grunt karma:unit:start watch`, which starts the\nkarma server and the watch task. Now when grunt watch detects a change to\none of your watched files, it will run the tests specified in the `unit`\ntarget using the already running karma server. This is the preferred method\nfor development.\n\n### Single Run\nKeeping a browser window & karma server running during development is\nproductive, but not a good solution for build processes. For that reason karma\nprovides a "continuous integration" mode, which will launch the specified\nbrowser(s), run the tests, and close the browser(s). It also supports running\ntests in [PhantomJS], a headless webkit browser which is great for running tests as part of a build. To run tests in continous integration mode just add the `singleRun` option:\n\n```js\nkarma: {\n  unit: {\n    configFile: \'config/karma.conf.js\',\n  },\n  //continuous integration mode: run tests once in PhantomJS browser.\n  continuous: {\n    configFile: \'config/karma.conf.js\',\n    singleRun: true,\n    browsers: [\'PhantomJS\']\n  },\n}\n```\n\nThe build would then run `grunt karma:continuous` to start PhantomJS,\nrun tests, and close PhantomJS.\n\n## Using additional client.args\nYou can pass arbitrary `client.args` through the commandline like this:\n\n```bash\n$ grunt karma:dev watch --grep=mypattern\n```\n\n\n## License\nMIT License\n\n[karma-config-file]: http://karma-runner.github.com/0.8/config/configuration-file.html\n[grunt-contrib-watch]: https://github.com/gruntjs/grunt-contrib-watch\n[PhantomJS]: http://phantomjs.org/\n[karma-mocha]: https://github.com/karma-runner/karma-mocha\n',
37 silly resolved     bugs: { url: 'https://github.com/karma-runner/grunt-karma/issues' },
37 silly resolved     homepage: 'https://github.com/karma-runner/grunt-karma',
37 silly resolved     _id: 'grunt-karma@0.8.3',
37 silly resolved     _from: 'grunt-karma@' } ]
38 info install grunt-karma@0.8.3 into C:\Users\robert\WebstormProjects\mdi-desktop
39 info installOne grunt-karma@0.8.3
40 info C:\Users\robert\WebstormProjects\mdi-desktop\node_modules\grunt-karma unbuild
41 verbose tar unpack C:\Users\robert\AppData\Roaming\npm-cache\grunt-karma\0.8.3\package.tgz
42 silly lockFile 767ac141-desktop-node-modules-grunt-karma tar://C:\Users\robert\WebstormProjects\mdi-desktop\node_modules\grunt-karma
43 verbose lock tar://C:\Users\robert\WebstormProjects\mdi-desktop\node_modules\grunt-karma C:\Users\robert\AppData\Roaming\npm-cache\767ac141-desktop-node-modules-grunt-karma.lock
44 silly lockFile fd48b987-he-grunt-karma-0-8-3-package-tgz tar://C:\Users\robert\AppData\Roaming\npm-cache\grunt-karma\0.8.3\package.tgz
45 verbose lock tar://C:\Users\robert\AppData\Roaming\npm-cache\grunt-karma\0.8.3\package.tgz C:\Users\robert\AppData\Roaming\npm-cache\fd48b987-he-grunt-karma-0-8-3-package-tgz.lock
46 silly gunzTarPerm modes [ '755', '644' ]
47 silly gunzTarPerm extractEntry package.json
48 silly gunzTarPerm modified mode [ 'package.json', 438, 420 ]
49 silly gunzTarPerm extractEntry .npmignore
50 silly gunzTarPerm modified mode [ '.npmignore', 438, 420 ]
51 silly gunzTarPerm extractEntry README.md
52 silly gunzTarPerm modified mode [ 'README.md', 438, 420 ]
53 silly gunzTarPerm extractEntry LICENSE
54 silly gunzTarPerm modified mode [ 'LICENSE', 438, 420 ]
55 silly gunzTarPerm extractEntry Gruntfile.js
56 silly gunzTarPerm modified mode [ 'Gruntfile.js', 438, 420 ]
57 silly gunzTarPerm extractEntry lib/background.js
58 silly gunzTarPerm modified mode [ 'lib/background.js', 438, 420 ]
59 silly gunzTarPerm extractEntry .travis.yml
60 silly gunzTarPerm modified mode [ '.travis.yml', 438, 420 ]
61 silly gunzTarPerm extractEntry CHANGELOG.md
62 silly gunzTarPerm modified mode [ 'CHANGELOG.md', 438, 420 ]
63 silly gunzTarPerm extractEntry tasks/grunt-karma.js
64 silly gunzTarPerm modified mode [ 'tasks/grunt-karma.js', 438, 420 ]
65 silly gunzTarPerm extractEntry test/grunt-karma-test.js
66 silly gunzTarPerm modified mode [ 'test/grunt-karma-test.js', 438, 420 ]
67 silly gunzTarPerm extractEntry TODO.md
68 silly gunzTarPerm modified mode [ 'TODO.md', 438, 420 ]
69 silly lockFile 767ac141-desktop-node-modules-grunt-karma tar://C:\Users\robert\WebstormProjects\mdi-desktop\node_modules\grunt-karma
70 silly lockFile 767ac141-desktop-node-modules-grunt-karma tar://C:\Users\robert\WebstormProjects\mdi-desktop\node_modules\grunt-karma
71 silly lockFile fd48b987-he-grunt-karma-0-8-3-package-tgz tar://C:\Users\robert\AppData\Roaming\npm-cache\grunt-karma\0.8.3\package.tgz
72 silly lockFile fd48b987-he-grunt-karma-0-8-3-package-tgz tar://C:\Users\robert\AppData\Roaming\npm-cache\grunt-karma\0.8.3\package.tgz
73 info preinstall grunt-karma@0.8.3
74 verbose readDependencies using package.json deps
75 verbose readDependencies using package.json deps
76 verbose cache add [ 'lodash@~2.4.1', null ]
77 verbose cache add name=undefined spec="lodash@~2.4.1" args=["lodash@~2.4.1",null]
78 verbose parsed url { protocol: null,
78 verbose parsed url   slashes: null,
78 verbose parsed url   auth: null,
78 verbose parsed url   host: null,
78 verbose parsed url   port: null,
78 verbose parsed url   hostname: null,
78 verbose parsed url   hash: null,
78 verbose parsed url   search: null,
78 verbose parsed url   query: null,
78 verbose parsed url   pathname: 'lodash@~2.4.1',
78 verbose parsed url   path: 'lodash@~2.4.1',
78 verbose parsed url   href: 'lodash@~2.4.1' }
79 verbose cache add name="lodash" spec="~2.4.1" args=["lodash","~2.4.1"]
80 verbose parsed url { protocol: null,
80 verbose parsed url   slashes: null,
80 verbose parsed url   auth: null,
80 verbose parsed url   host: null,
80 verbose parsed url   port: null,
80 verbose parsed url   hostname: null,
80 verbose parsed url   hash: null,
80 verbose parsed url   search: null,
80 verbose parsed url   query: null,
80 verbose parsed url   pathname: '~2.4.1',
80 verbose parsed url   path: '~2.4.1',
80 verbose parsed url   href: '~2.4.1' }
81 verbose addNamed [ 'lodash', '~2.4.1' ]
82 verbose addNamed [ null, '>=2.4.1-0 <2.5.0-0' ]
83 silly lockFile 257f9ab3-lodash-2-4-1 lodash@~2.4.1
84 verbose lock lodash@~2.4.1 C:\Users\robert\AppData\Roaming\npm-cache\257f9ab3-lodash-2-4-1.lock
85 silly addNameRange { name: 'lodash', range: '>=2.4.1-0 <2.5.0-0', hasData: false }
86 verbose url raw lodash
87 verbose url resolving [ 'https://registry.npmjs.org/', './lodash' ]
88 verbose url resolved https://registry.npmjs.org/lodash
89 info trying registry request attempt 1 at 14:37:03
90 verbose etag "7Z7E8QMEXQNF34B78JE7J9QTN"
91 http GET https://registry.npmjs.org/lodash
92 http 304 https://registry.npmjs.org/lodash
93 silly registry.get cb [ 304,
93 silly registry.get   { date: 'Tue, 20 May 2014 19:37:28 GMT',
93 silly registry.get     server: 'Apache',
93 silly registry.get     via: '1.1 varnish',
93 silly registry.get     'last-modified': 'Tue, 20 May 2014 19:37:28 GMT',
93 silly registry.get     'cache-control': 'max-age=1',
93 silly registry.get     etag: '"7Z7E8QMEXQNF34B78JE7J9QTN"',
93 silly registry.get     'x-served-by': 'cache-c101-CHI',
93 silly registry.get     'x-cache': 'HIT',
93 silly registry.get     'x-cache-hits': '1',
93 silly registry.get     'x-timer': 'S1400614648.220100164,VS0,VE0',
93 silly registry.get     vary: 'Accept',
93 silly registry.get     'content-length': '0',
93 silly registry.get     'keep-alive': 'timeout=10, max=50',
93 silly registry.get     connection: 'Keep-Alive' } ]
94 verbose etag lodash from cache
95 silly addNameRange number 2 { name: 'lodash', range: '>=2.4.1-0 <2.5.0-0', hasData: true }
96 silly addNameRange versions [ 'lodash',
96 silly addNameRange   [ '0.1.0',
96 silly addNameRange     '0.2.0',
96 silly addNameRange     '0.2.1',
96 silly addNameRange     '0.2.2',
96 silly addNameRange     '0.3.0',
96 silly addNameRange     '0.3.1',
96 silly addNameRange     '0.3.2',
96 silly addNameRange     '0.4.0',
96 silly addNameRange     '0.4.1',
96 silly addNameRange     '0.4.2',
96 silly addNameRange     '0.5.0-rc.1',
96 silly addNameRange     '0.5.0',
96 silly addNameRange     '0.5.1',
96 silly addNameRange     '0.5.2',
96 silly addNameRange     '0.6.0',
96 silly addNameRange     '0.6.1',
96 silly addNameRange     '0.7.0',
96 silly addNameRange     '0.8.0',
96 silly addNameRange     '0.8.1',
96 silly addNameRange     '0.8.2',
96 silly addNameRange     '0.9.0',
96 silly addNameRange     '0.9.1',
96 silly addNameRange     '0.9.2',
96 silly addNameRange     '0.10.0',
96 silly addNameRange     '1.0.0-rc.1',
96 silly addNameRange     '1.0.0-rc.2',
96 silly addNameRange     '1.0.0-rc.3',
96 silly addNameRange     '1.0.0',
96 silly addNameRange     '1.0.1',
96 silly addNameRange     '1.1.0',
96 silly addNameRange     '1.1.1',
96 silly addNameRange     '1.2.0',
96 silly addNameRange     '1.2.1',
96 silly addNameRange     '1.3.0',
96 silly addNameRange     '1.3.1',
96 silly addNameRange     '2.0.0',
96 silly addNameRange     '2.1.0',
96 silly addNameRange     '2.2.0',
96 silly addNameRange     '2.2.1',
96 silly addNameRange     '2.3.0',
96 silly addNameRange     '2.4.0',
96 silly addNameRange     '2.4.1' ] ]
97 verbose addNamed [ 'lodash', '2.4.1' ]
98 verbose addNamed [ '2.4.1', '2.4.1' ]
99 silly lockFile 8502be2a-lodash-2-4-1 lodash@2.4.1
100 verbose lock lodash@2.4.1 C:\Users\robert\AppData\Roaming\npm-cache\8502be2a-lodash-2-4-1.lock
101 silly lockFile 8502be2a-lodash-2-4-1 lodash@2.4.1
102 silly lockFile 8502be2a-lodash-2-4-1 lodash@2.4.1
103 silly lockFile 257f9ab3-lodash-2-4-1 lodash@~2.4.1
104 silly lockFile 257f9ab3-lodash-2-4-1 lodash@~2.4.1
105 silly resolved [ { name: 'lodash',
105 silly resolved     version: '2.4.1',
105 silly resolved     description: 'A utility library delivering consistency, customization, performance, & extras.',
105 silly resolved     homepage: 'http://lodash.com/',
105 silly resolved     license: 'MIT',
105 silly resolved     main: 'dist/lodash.js',
105 silly resolved     keywords:
105 silly resolved      [ 'amd',
105 silly resolved        'browser',
105 silly resolved        'client',
105 silly resolved        'customize',
105 silly resolved        'functional',
105 silly resolved        'server',
105 silly resolved        'util' ],
105 silly resolved     author:
105 silly resolved      { name: 'John-David Dalton',
105 silly resolved        email: 'john.david.dalton@gmail.com',
105 silly resolved        url: 'http://allyoucanleet.com/' },
105 silly resolved     contributors: [ [Object], [Object], [Object], [Object] ],
105 silly resolved     bugs: { url: 'https://github.com/lodash/lodash/issues' },
105 silly resolved     repository: { type: 'git', url: 'https://github.com/lodash/lodash.git' },
105 silly resolved     engines: [ 'node', 'rhino' ],
105 silly resolved     files:
105 silly resolved      [ 'LICENSE.txt',
105 silly resolved        'lodash.js',
105 silly resolved        'dist/lodash.js',
105 silly resolved        'dist/lodash.min.js',
105 silly resolved        'dist/lodash.compat.js',
105 silly resolved        'dist/lodash.compat.min.js',
105 silly resolved        'dist/lodash.underscore.js',
105 silly resolved        'dist/lodash.underscore.min.js' ],
105 silly resolved     jam: { main: 'dist/lodash.compat.js', include: [Object] },
105 silly resolved     volo: { type: 'directory', ignore: [Object] },
105 silly resolved     readme: '# Lo-Dash v2.4.1\nA utility library delivering consistency, [customization](http://lodash.com/custom-builds), [performance](http://lodash.com/benchmarks), & [extras](http://lodash.com/#features).\n\n## Download\n\nCheck out our [wiki]([https://github.com/lodash/lodash/wiki/build-differences]) for details over the differences between builds.\n\n* Modern builds perfect for newer browsers/environments:<br>\n[Development](https://raw.github.com/lodash/lodash/2.4.1/dist/lodash.js) &\n[Production](https://raw.github.com/lodash/lodash/2.4.1/dist/lodash.min.js)\n\n* Compatibility builds for older environment support too:<br>\n[Development](https://raw.github.com/lodash/lodash/2.4.1/dist/lodash.compat.js) &\n[Production](https://raw.github.com/lodash/lodash/2.4.1/dist/lodash.compat.min.js)\n\n* Underscore builds to use as a drop-in replacement:<br>\n[Development](https://raw.github.com/lodash/lodash/2.4.1/dist/lodash.underscore.js) &\n[Production](https://raw.github.com/lodash/lodash/2.4.1/dist/lodash.underscore.min.js)\n\nCDN copies are available on [cdnjs](http://cdnjs.com/libraries/lodash.js/) & [jsDelivr](http://www.jsdelivr.com/#!lodash). For smaller file sizes, create [custom builds](http://lodash.com/custom-builds) with only the features needed.\n\nLove modules? We’ve got you covered with [lodash-amd](https://npmjs.org/package/lodash-amd), [lodash-es6](https://github.com/lodash/lodash-es6), [lodash-node](https://npmjs.org/package/lodash-node), & [npm packages](https://npmjs.org/browse/keyword/lodash-modularized) per method.\n\n## Dive in\n\nThere’s plenty of **[documentation](http://lodash.com/docs)**, [unit tests](http://lodash.com/tests), & [benchmarks](http://lodash.com/benchmarks).<br>\nCheck out <a href="http://devdocs.io/lodash/">DevDocs</a> as a fast, organized, & searchable interface for our documentation.\n\nThe full changelog for this release is available on our [wiki](https://github.com/lodash/lodash/wiki/Changelog).<br>\nA list of upcoming features is available on our [roadmap](https://github.com/lodash/lodash/wiki/Roadmap).\n\n## Features *not* in Underscore\n\n * AMD loader support ([curl](https://github.com/cujojs/curl), [dojo](http://dojotoolkit.org/), [requirejs](http://requirejs.org/), etc.)\n * [_(…)](http://lodash.com/docs#_) supports intuitive chaining\n * [_.at](http://lodash.com/docs#at) for cherry-picking collection values\n * [_.bindKey](http://lodash.com/docs#bindKey) for binding [*“lazy”*](http://michaux.ca/articles/lazy-function-definition-pattern) defined methods\n * [_.clone](http://lodash.com/docs#clone) supports shallow cloning of `Date` & `RegExp` objects\n * [_.cloneDeep](http://lodash.com/docs#cloneDeep) for deep cloning arrays & objects\n * [_.constant](http://lodash.com/docs#constant) & [_.property](http://lodash.com/docs#property) function generators for composing functions\n * [_.contains](http://lodash.com/docs#contains) accepts a `fromIndex`\n * [_.create](http://lodash.com/docs#create) for easier object inheritance\n * [_.createCallback](http://lodash.com/docs#createCallback) for extending callbacks in methods & mixins\n * [_.curry](http://lodash.com/docs#curry) for creating [curried](http://hughfdjackson.com/javascript/2013/07/06/why-curry-helps/) functions\n * [_.debounce](http://lodash.com/docs#debounce) & [_.throttle](http://lodash.com/docs#throttle) accept additional `options` for more control\n * [_.findIndex](http://lodash.com/docs#findIndex) & [_.findKey](http://lodash.com/docs#findKey) for finding indexes & keys\n * [_.forEach](http://lodash.com/docs#forEach) is chainable & supports exiting early\n * [_.forIn](http://lodash.com/docs#forIn) for iterating own & inherited properties\n * [_.forOwn](http://lodash.com/docs#forOwn) for iterating own properties\n * [_.isPlainObject](http://lodash.com/docs#isPlainObject) for checking if values are created by `Object`\n * [_.mapValues](http://lodash.com/docs#mapValues) for [mapping](http://lodash.com/docs#map) values to an object\n * [_.memoize](http://lodash.com/docs#memoize) exposes the `cache` of memoized functions\n * [_.merge](http://lodash.com/docs#merge) for a deep [_.extend](http://lodash.com/docs#extend)\n * [_.noop](http://lodash.com/docs#noop) for function placeholders\n * [_.now](http://lodash.com/docs#now) as a cross-browser `Date.now` alternative\n * [_.parseInt](http://lodash.com/docs#parseInt) for consistent behavior\n * [_.pull](http://lodash.com/docs#pull) & [_.remove](http://lodash.com/docs#remove) for mutating arrays\n * [_.random](http://lodash.com/docs#random) supports returning floating-point numbers\n * [_.runInContext](http://lodash.com/docs#runInContext) for easier mocking\n * [_.sortBy](http://lodash.com/docs#sortBy) supports sorting by multiple properties\n * [_.support](http://lodash.com/docs#support) for flagging environment features\n * [_.template](http://lodash.com/docs#template) supports [*“imports”*](http://lodash.com/docs#templateSettings_imports) options & [ES6 template delimiters](http://people.mozilla.org/~jorendorff/es6-draft.html#sec-literals-string-literals)\n * [_.transform](http://lodash.com/docs#transform) as a powerful alternative to [_.reduce](http://lodash.com/docs#reduce) for transforming objects\n * [_.where](http://lodash.com/docs#where) supports deep object comparisons\n * [_.xor](http://lodash.com/docs#xor) as a companion to [_.difference](http://lodash.com/docs#difference), [_.intersection](http://lodash.com/docs#intersection), & [_.union](http://lodash.com/docs#union)\n * [_.zip](http://lodash.com/docs#zip) is capable of unzipping values\n * [_.omit](http://lodash.com/docs#omit), [_.pick](http://lodash.com/docs#pick), &\n   [more](http://lodash.com/docs "_.assign, _.clone, _.cloneDeep, _.first, _.initial, _.isEqual, _.last, _.merge, _.rest") accept callbacks\n * [_.contains](http://lodash.com/docs#contains), [_.toArray](http://lodash.com/docs#toArray), &\n   [more](http://lodash.com/docs "_.at, _.countBy, _.every, _.filter, _.find, _.forEach, _.forEachRight, _.groupBy, _.invoke, _.map, _.max, _.min, _.pluck, _.reduce, _.reduceRight, _.reject, _.shuffle, _.size, _.some, _.sortBy, _.where") accept strings\n * [_.filter](http://lodash.com/docs#filter), [_.map](http://lodash.com/docs#map), &\n   [more](http://lodash.com/docs "_.countBy, _.every, _.find, _.findKey, _.findLast, _.findLastIndex, _.findLastKey, _.first, _.groupBy, _.initial, _.last, _.max, _.min, _.reject, _.rest, _.some, _.sortBy, _.sortedIndex, _.uniq") support *“_.pluck”* & *“_.where”* shorthands\n * [_.findLast](http://lodash.com/docs#findLast), [_.findLastIndex](http://lodash.com/docs#findLastIndex), &\n   [more](http://lodash.com/docs "_.findLastKey, _.forEachRight, _.forInRight, _.forOwnRight, _.partialRight") right-associative methods\n\n## Resources\n\n * Podcasts\n  - [JavaScript Jabber](http://javascriptjabber.com/079-jsj-lo-dash-with-john-david-dalton/)\n\n * Posts\n  - [Say “Hello” to Lo-Dash](http://kitcambridge.be/blog/say-hello-to-lo-dash/)\n  - [Custom builds in Lo-Dash 2.0](http://kitcambridge.be/blog/custom-builds-in-lo-dash-2-dot-0/)\n\n * Videos\n  - [Introduction](https://vimeo.com/44154599)\n  - [Origins](https://vimeo.com/44154600)\n  - [Optimizations & builds](https://vimeo.com/44154601)\n  - [Native method use](https://vimeo.com/48576012)\n  - [Testing](https://vimeo.com/45865290)\n  - [CascadiaJS ’12](http://www.youtube.com/watch?v=dpPy4f_SeEk)\n\n A list of other community created podcasts, posts, & videos is available on our [wiki](https://github.com/lodash/lodash/wiki/Resources).\n\n## Support\n\nTested in Chrome 5~31, Firefox 2~25, IE 6-11, Opera 9.25~17, Safari 3-7, Node.js 0.6.21~0.10.22, Narwhal 0.3.2, PhantomJS 1.9.2, RingoJS 0.9, & Rhino 1.7RC5.<br>\nAutomated browser test results [are available](https://saucelabs.com/u/lodash) as well as [Travis CI](https://travis-ci.org/) builds for [lodash](https://travis-ci.org/lodash/lodash/), [lodash-cli](https://travis-ci.org/lodash/lodash-cli/), [lodash-amd](https://travis-ci.org/lodash/lodash-amd/), [lodash-node](https://travis-ci.org/lodash/lodash-node/), & [grunt-lodash](https://travis-ci.org/lodash/grunt-lodash).\n\nSpecial thanks to [Sauce Labs](https://saucelabs.com/) for providing automated browser testing.<br>\n[![Sauce Labs](http://lodash.com/_img/sauce.png)](https://saucelabs.com/ "Sauce Labs: Selenium Testing & More")\n\n## Installation & usage\n\nIn browsers:\n\n```html\n<script src="lodash.js"></script>\n```\n\nUsing [`npm`](http://npmjs.org/):\n\n```bash\nnpm i --save lodash\n\n{sudo} npm i -g lodash\nnpm ln lodash\n```\n\nIn [Node.js](http://nodejs.org/) & [Ringo](http://ringojs.org/):\n\n```js\nvar _ = require(\'lodash\');\n// or as Underscore\nvar _ = require(\'lodash/dist/lodash.underscore\');\n```\n\n**Notes:**\n * Don’t assign values to [special variable](http://nodejs.org/api/repl.html#repl_repl_features) `_` when in the REPL\n * If Lo-Dash is installed globally, run [`npm ln lodash`](http://blog.nodejs.org/2011/03/23/npm-1-0-global-vs-local-installation/) in your project’s root directory *before* requiring it\n\nIn [Rhino](http://www.mozilla.org/rhino/):\n\n```js\nload(\'lodash.js\');\n```\n\nIn an AMD loader:\n\n```js\nrequire({\n  \'packages\': [\n    { \'name\': \'lodash\', \'location\': \'path/to/lodash\', \'main\': \'lodash\' }\n  ]\n},\n[\'lodash\'], function(_) {\n  console.log(_.VERSION);\n});\n```\n\n## Author\n\n| [![twitter/jdalton](http://gravatar.com/avatar/299a3d891ff1920b69c364d061007043?s=70)](https://twitter.com/jdalton "Follow @jdalton on Twitter") |\n|---|\n| [John-David Dalton](http://allyoucanleet.com/) |\n\n## Contributors\n\n| [![twitter/blainebublitz](http://gravatar.com/avatar/ac1c67fd906c9fecd823ce302283b4c1?s=70)](https://twitter.com/blainebublitz "Follow @BlaineBublitz on Twitter") | [![twitter/kitcambridge](http://gravatar.com/avatar/6662a1d02f351b5ef2f8b4d815804661?s=70)](https://twitter.com/kitcambridge "Follow @kitcambridge on Twitter") | [![twitter/mathias](http://gravatar.com/avatar/24e08a9ea84deb17ae121074d0f17125?s=70)](https://twitter.com/mathias "Follow @mathias on Twitter") |\n|---|---|---|\n| [Blaine Bublitz](http://www.iceddev.com/) | [Kit Cambridge](http://kitcambridge.be/) | [Mathias Bynens](http://mathiasbynens.be/) |\n\n[![Bitdeli Badge](https://d2weczhvl823v0.cloudfront.net/lodash/lodash/trend.png)](https://bitdeli.com/free "Bitdeli Badge")\n',
105 silly resolved     readmeFilename: 'README.md',
105 silly resolved     _id: 'lodash@2.4.1',
105 silly resolved     _from: 'lodash@~2.4.1' } ]
106 info install lodash@2.4.1 into C:\Users\robert\WebstormProjects\mdi-desktop\node_modules\grunt-karma
107 info installOne lodash@2.4.1
108 info C:\Users\robert\WebstormProjects\mdi-desktop\node_modules\grunt-karma\node_modules\lodash unbuild
109 verbose tar unpack C:\Users\robert\AppData\Roaming\npm-cache\lodash\2.4.1\package.tgz
110 silly lockFile eb71c4ad--grunt-karma-node-modules-lodash tar://C:\Users\robert\WebstormProjects\mdi-desktop\node_modules\grunt-karma\node_modules\lodash
111 verbose lock tar://C:\Users\robert\WebstormProjects\mdi-desktop\node_modules\grunt-karma\node_modules\lodash C:\Users\robert\AppData\Roaming\npm-cache\eb71c4ad--grunt-karma-node-modules-lodash.lock
112 silly lockFile 2c82b976-m-cache-lodash-2-4-1-package-tgz tar://C:\Users\robert\AppData\Roaming\npm-cache\lodash\2.4.1\package.tgz
113 verbose lock tar://C:\Users\robert\AppData\Roaming\npm-cache\lodash\2.4.1\package.tgz C:\Users\robert\AppData\Roaming\npm-cache\2c82b976-m-cache-lodash-2-4-1-package-tgz.lock
114 silly gunzTarPerm modes [ '755', '644' ]
115 silly gunzTarPerm extractEntry package.json
116 silly gunzTarPerm modified mode [ 'package.json', 438, 420 ]
117 silly gunzTarPerm extractEntry README.md
118 silly gunzTarPerm modified mode [ 'README.md', 438, 420 ]
119 silly gunzTarPerm extractEntry lodash.js
120 silly gunzTarPerm modified mode [ 'lodash.js', 438, 420 ]
121 silly gunzTarPerm extractEntry dist/lodash.compat.js
122 silly gunzTarPerm modified mode [ 'dist/lodash.compat.js', 438, 420 ]
123 silly gunzTarPerm extractEntry dist/lodash.compat.min.js
124 silly gunzTarPerm modified mode [ 'dist/lodash.compat.min.js', 438, 420 ]
125 silly gunzTarPerm extractEntry dist/lodash.js
126 silly gunzTarPerm modified mode [ 'dist/lodash.js', 438, 420 ]
127 silly gunzTarPerm extractEntry dist/lodash.min.js
128 silly gunzTarPerm modified mode [ 'dist/lodash.min.js', 438, 420 ]
129 silly gunzTarPerm extractEntry dist/lodash.underscore.js
130 silly gunzTarPerm modified mode [ 'dist/lodash.underscore.js', 438, 420 ]
131 silly gunzTarPerm extractEntry dist/lodash.underscore.min.js
132 silly gunzTarPerm modified mode [ 'dist/lodash.underscore.min.js', 438, 420 ]
133 silly gunzTarPerm extractEntry LICENSE.txt
134 silly gunzTarPerm modified mode [ 'LICENSE.txt', 438, 420 ]
135 silly lockFile eb71c4ad--grunt-karma-node-modules-lodash tar://C:\Users\robert\WebstormProjects\mdi-desktop\node_modules\grunt-karma\node_modules\lodash
136 silly lockFile eb71c4ad--grunt-karma-node-modules-lodash tar://C:\Users\robert\WebstormProjects\mdi-desktop\node_modules\grunt-karma\node_modules\lodash
137 silly lockFile 2c82b976-m-cache-lodash-2-4-1-package-tgz tar://C:\Users\robert\AppData\Roaming\npm-cache\lodash\2.4.1\package.tgz
138 silly lockFile 2c82b976-m-cache-lodash-2-4-1-package-tgz tar://C:\Users\robert\AppData\Roaming\npm-cache\lodash\2.4.1\package.tgz
139 info preinstall lodash@2.4.1
140 verbose readDependencies using package.json deps
141 verbose readDependencies using package.json deps
142 silly resolved []
143 verbose about to build C:\Users\robert\WebstormProjects\mdi-desktop\node_modules\grunt-karma\node_modules\lodash
144 info build C:\Users\robert\WebstormProjects\mdi-desktop\node_modules\grunt-karma\node_modules\lodash
145 verbose linkStuff [ false,
145 verbose linkStuff   false,
145 verbose linkStuff   false,
145 verbose linkStuff   'C:\\Users\\robert\\WebstormProjects\\mdi-desktop\\node_modules\\grunt-karma\\node_modules' ]
146 info linkStuff lodash@2.4.1
147 verbose linkBins lodash@2.4.1
148 verbose linkMans lodash@2.4.1
149 verbose rebuildBundles lodash@2.4.1
150 info install lodash@2.4.1
151 info postinstall lodash@2.4.1
152 verbose about to build C:\Users\robert\WebstormProjects\mdi-desktop\node_modules\grunt-karma
153 info build C:\Users\robert\WebstormProjects\mdi-desktop\node_modules\grunt-karma
154 verbose linkStuff [ false,
154 verbose linkStuff   false,
154 verbose linkStuff   false,
154 verbose linkStuff   'C:\\Users\\robert\\WebstormProjects\\mdi-desktop\\node_modules' ]
155 info linkStuff grunt-karma@0.8.3
156 verbose linkBins grunt-karma@0.8.3
157 verbose linkMans grunt-karma@0.8.3
158 verbose rebuildBundles grunt-karma@0.8.3
159 verbose rebuildBundles [ 'lodash' ]
160 info install grunt-karma@0.8.3
161 info postinstall grunt-karma@0.8.3
162 verbose readDependencies using package.json deps
163 verbose already installed skipping karma@~0.12.0 C:\Users\robert\WebstormProjects\mdi-desktop
164 silly resolved []
165 error peerinvalid The package karma does not satisfy its siblings' peerDependencies requirements!
165 error peerinvalid Peer karma-firefox-launcher@0.1.3 wants karma@>=0.9
165 error peerinvalid Peer karma-chrome-launcher@0.1.3 wants karma@>=0.9.3
165 error peerinvalid Peer karma-jasmine@0.1.5 wants karma@>=0.9
165 error peerinvalid Peer karma-html2js-preprocessor@0.1.0 wants karma@>=0.9
165 error peerinvalid Peer karma-requirejs@0.2.1 wants karma@>=0.9
165 error peerinvalid Peer karma-script-launcher@0.1.0 wants karma@>=0.9
165 error peerinvalid Peer grunt-karma@0.8.3 wants karma@~0.12.0
165 error peerinvalid Peer karma-coffee-preprocessor@0.1.3 wants karma@>=0.9
165 error peerinvalid Peer karma-phantomjs-launcher@0.1.4 wants karma@>=0.9
166 error System Windows_NT 6.1.7601
167 error command "C:\\Program Files\\nodejs\\\\node.exe" "C:\\Program Files\\nodejs\\node_modules\\npm\\bin\\npm-cli.js" "install" "grunt-karma" "--save-dev"
168 error cwd C:\Users\robert\WebstormProjects\mdi-desktop
169 error node -v v0.10.24
170 error npm -v 1.3.21
171 error code EPEERINVALID
172 verbose exit [ 1, true ]
